<?xml version="1.0" encoding="UTF-8"?>
<!-- Generated by org.testng.reporters.JUnitReportReporter -->
<testsuite hostname="DESKTOP-4LREKPR" failures="0" tests="1" name="ChildHs" time="0.017" errors="0" timestamp="2024-12-05T09:53:13 EST" skipped="0">
  <testcase classname="ChildHs" name="testRun" time="0.017"/>
  <system-out/>
</testsuite> <!-- ChildHs -->
